0 info it worked if it ends with ok
1 verbose cli [ 'C:\\Program Files\\nodejs\\node.exe',
1 verbose cli   'C:\\Program Files\\nodejs\\node_modules\\npm\\bin\\npm-cli.js',
1 verbose cli   'start' ]
2 info using npm@3.10.10
3 info using node@v6.10.3
4 verbose run-script [ 'prestart', 'start', 'poststart' ]
5 info lifecycle crowdcode@0.0.0~prestart: crowdcode@0.0.0
6 silly lifecycle crowdcode@0.0.0~prestart: no script for prestart, continuing
7 info lifecycle crowdcode@0.0.0~start: crowdcode@0.0.0
8 verbose lifecycle crowdcode@0.0.0~start: unsafe-perm in lifecycle true
9 verbose lifecycle crowdcode@0.0.0~start: PATH: C:\Program Files\nodejs\node_modules\npm\bin\node-gyp-bin;F:\Projects\Git\CrowdCode\CrowdCode\server\node_modules\.bin;C:\ProgramData\Oracle\Java\javapath;C:\Program Files (x86)\Intel\iCLS Client\;C:\Program Files\Intel\iCLS Client\;C:\WINDOWS\system32;C:\WINDOWS;C:\WINDOWS\System32\Wbem;C:\WINDOWS\System32\WindowsPowerShell\v1.0\;C:\Program Files (x86)\Intel\Intel(R) Management Engine Components\DAL;C:\Program Files\Intel\Intel(R) Management Engine Components\DAL;C:\Program Files (x86)\Intel\Intel(R) Management Engine Components\IPT;C:\Program Files\Intel\Intel(R) Management Engine Components\IPT;F:\Skype\Phone\;F:\PHP;F:\Apache24;F:\Apache24\bin;C:\Program Files\nodejs\;F:\PuTTy\;C:\Users\paura\AppData\Local\Microsoft\WindowsApps;C:\Program Files (x86)\SSH Communications Security\SSH Secure Shell;F:\Heroku\bin;C:\Users\paura\AppData\Roaming\npm;F:\GoogleSDK\google-cloud-sdk\bin
10 verbose lifecycle crowdcode@0.0.0~start: CWD: F:\Projects\Git\CrowdCode\CrowdCode\server
11 silly lifecycle crowdcode@0.0.0~start: Args: [ '/d /s /c', 'node-dev ./bin/www' ]
12 silly lifecycle crowdcode@0.0.0~start: Returned: code: 1  signal: null
13 info lifecycle crowdcode@0.0.0~start: Failed to exec start script
14 verbose stack Error: crowdcode@0.0.0 start: `node-dev ./bin/www`
14 verbose stack Exit status 1
14 verbose stack     at EventEmitter.<anonymous> (C:\Program Files\nodejs\node_modules\npm\lib\utils\lifecycle.js:255:16)
14 verbose stack     at emitTwo (events.js:106:13)
14 verbose stack     at EventEmitter.emit (events.js:191:7)
14 verbose stack     at ChildProcess.<anonymous> (C:\Program Files\nodejs\node_modules\npm\lib\utils\spawn.js:40:14)
14 verbose stack     at emitTwo (events.js:106:13)
14 verbose stack     at ChildProcess.emit (events.js:191:7)
14 verbose stack     at maybeClose (internal/child_process.js:886:16)
14 verbose stack     at Process.ChildProcess._handle.onexit (internal/child_process.js:226:5)
15 verbose pkgid crowdcode@0.0.0
16 verbose cwd F:\Projects\Git\CrowdCode\CrowdCode\server
17 error Windows_NT 10.0.15063
18 error argv "C:\\Program Files\\nodejs\\node.exe" "C:\\Program Files\\nodejs\\node_modules\\npm\\bin\\npm-cli.js" "start"
19 error node v6.10.3
20 error npm  v3.10.10
21 error code ELIFECYCLE
22 error crowdcode@0.0.0 start: `node-dev ./bin/www`
22 error Exit status 1
23 error Failed at the crowdcode@0.0.0 start script 'node-dev ./bin/www'.
23 error Make sure you have the latest version of node.js and npm installed.
23 error If you do, this is most likely a problem with the crowdcode package,
23 error not with npm itself.
23 error Tell the author that this fails on your system:
23 error     node-dev ./bin/www
23 error You can get information on how to open an issue for this project with:
23 error     npm bugs crowdcode
23 error Or if that isn't available, you can get their info via:
23 error     npm owner ls crowdcode
23 error There is likely additional logging output above.
24 verbose exit [ 1, true ]
