0 info it worked if it ends with ok
1 verbose cli [ 'C:\\Program Files\\nodejs\\\\node.exe',
1 verbose cli   'C:\\Program Files\\nodejs\\node_modules\\npm\\bin\\npm-cli.js',
1 verbose cli   'install' ]
2 info using npm@2.10.1
3 info using node@v0.12.4
4 verbose readDependencies loading dependencies from C:\Users\Gabriel.Fazenda\Documents\CrowdCoding2\CrowdCoding\war\package.json
5 warn package.json CrowdCode@1.0.0 No repository field.
6 warn package.json CrowdCode@1.0.0 No README data
7 warn package.json CrowdCode@1.0.0 No license field.
8 verbose install where, deps [ 'C:\\Users\\Gabriel.Fazenda\\Documents\\CrowdCoding2\\CrowdCoding\\war',
8 verbose install   [ 'grunt',
8 verbose install     'grunt-angular-templates',
8 verbose install     'grunt-contrib-concat',
8 verbose install     'grunt-contrib-copy',
8 verbose install     'grunt-contrib-jshint',
8 verbose install     'grunt-contrib-nodeunit',
8 verbose install     'grunt-contrib-uglify',
8 verbose install     'grunt-contrib-watch',
8 verbose install     'grunt-exec',
8 verbose install     'grunt-html2js',
8 verbose install     'grunt-jsdoc',
8 verbose install     'grunt-karma',
8 verbose install     'grunt-text-replace',
8 verbose install     'grunt-usemin',
8 verbose install     'karma',
8 verbose install     'karma-jasmine',
8 verbose install     'karma-phantomjs-launcher' ] ]
9 verbose install where, peers [ 'C:\\Users\\Gabriel.Fazenda\\Documents\\CrowdCoding2\\CrowdCoding\\war',
9 verbose install   [] ]
10 verbose installManyTop reading for lifecycle C:\Users\Gabriel.Fazenda\Documents\CrowdCoding2\CrowdCoding\war\package.json
11 info preinstall CrowdCode@1.0.0
12 verbose installManyTop reading scoped package data from C:\Users\Gabriel.Fazenda\Documents\CrowdCoding2\CrowdCoding\war\node_modules\grunt\package.json
13 verbose installManyTop reading scoped package data from C:\Users\Gabriel.Fazenda\Documents\CrowdCoding2\CrowdCoding\war\node_modules\grunt-angular-templates\package.json
14 verbose installManyTop reading scoped package data from C:\Users\Gabriel.Fazenda\Documents\CrowdCoding2\CrowdCoding\war\node_modules\grunt-contrib-concat\package.json
15 verbose installManyTop reading scoped package data from C:\Users\Gabriel.Fazenda\Documents\CrowdCoding2\CrowdCoding\war\node_modules\grunt-contrib-copy\package.json
16 verbose installManyTop reading scoped package data from C:\Users\Gabriel.Fazenda\Documents\CrowdCoding2\CrowdCoding\war\node_modules\grunt-contrib-jshint\package.json
17 verbose installManyTop reading scoped package data from C:\Users\Gabriel.Fazenda\Documents\CrowdCoding2\CrowdCoding\war\node_modules\grunt-contrib-nodeunit\package.json
18 verbose installManyTop reading scoped package data from C:\Users\Gabriel.Fazenda\Documents\CrowdCoding2\CrowdCoding\war\node_modules\grunt-contrib-uglify\package.json
19 verbose installManyTop reading scoped package data from C:\Users\Gabriel.Fazenda\Documents\CrowdCoding2\CrowdCoding\war\node_modules\grunt-contrib-watch\package.json
20 verbose installManyTop reading scoped package data from C:\Users\Gabriel.Fazenda\Documents\CrowdCoding2\CrowdCoding\war\node_modules\grunt-exec\package.json
21 verbose installManyTop reading scoped package data from C:\Users\Gabriel.Fazenda\Documents\CrowdCoding2\CrowdCoding\war\node_modules\grunt-html2js\package.json
22 verbose installManyTop reading scoped package data from C:\Users\Gabriel.Fazenda\Documents\CrowdCoding2\CrowdCoding\war\node_modules\grunt-jsdoc\package.json
23 verbose installManyTop reading scoped package data from C:\Users\Gabriel.Fazenda\Documents\CrowdCoding2\CrowdCoding\war\node_modules\grunt-karma\package.json
24 verbose installManyTop reading scoped package data from C:\Users\Gabriel.Fazenda\Documents\CrowdCoding2\CrowdCoding\war\node_modules\grunt-text-replace\package.json
25 verbose installManyTop reading scoped package data from C:\Users\Gabriel.Fazenda\Documents\CrowdCoding2\CrowdCoding\war\node_modules\grunt-usemin\package.json
26 verbose installManyTop reading scoped package data from C:\Users\Gabriel.Fazenda\Documents\CrowdCoding2\CrowdCoding\war\node_modules\karma\package.json
27 verbose installManyTop reading scoped package data from C:\Users\Gabriel.Fazenda\Documents\CrowdCoding2\CrowdCoding\war\node_modules\karma-jasmine\package.json
28 verbose installManyTop reading scoped package data from C:\Users\Gabriel.Fazenda\Documents\CrowdCoding2\CrowdCoding\war\node_modules\karma-phantomjs-launcher\package.json
29 info package.json grunt@0.4.2 No license field.
30 info package.json grunt-angular-templates@0.5.7 No license field.
31 info package.json grunt-contrib-concat@0.3.0 No license field.
32 info package.json grunt-contrib-jshint@0.8.0 No license field.
33 info package.json grunt-contrib-copy@0.5.0 No license field.
34 info package.json grunt-contrib-nodeunit@0.3.0 No license field.
35 info package.json grunt-contrib-uglify@0.2.2 No license field.
36 info package.json grunt-contrib-watch@0.5.3 No license field.
37 info package.json grunt-exec@0.4.5 No license field.
38 info package.json grunt-html2js@0.3.2 No license field.
39 info package.json grunt-jsdoc@0.5.4 No license field.
40 info package.json grunt-text-replace@0.4.0 No license field.
41 verbose readDependencies loading dependencies from C:\Users\Gabriel.Fazenda\Documents\CrowdCoding2\CrowdCoding\war\package.json
42 verbose targetResolver reading package data from C:\Users\Gabriel.Fazenda\Documents\CrowdCoding2\CrowdCoding\war\node_modules\grunt\package.json
43 verbose targetResolver reading package data from C:\Users\Gabriel.Fazenda\Documents\CrowdCoding2\CrowdCoding\war\node_modules\grunt-angular-templates\package.json
44 verbose targetResolver reading package data from C:\Users\Gabriel.Fazenda\Documents\CrowdCoding2\CrowdCoding\war\node_modules\grunt-contrib-concat\package.json
45 verbose targetResolver reading package data from C:\Users\Gabriel.Fazenda\Documents\CrowdCoding2\CrowdCoding\war\node_modules\grunt-contrib-copy\package.json
46 verbose targetResolver reading package data from C:\Users\Gabriel.Fazenda\Documents\CrowdCoding2\CrowdCoding\war\node_modules\grunt-contrib-jshint\package.json
47 verbose targetResolver reading package data from C:\Users\Gabriel.Fazenda\Documents\CrowdCoding2\CrowdCoding\war\node_modules\grunt-contrib-nodeunit\package.json
48 verbose targetResolver reading package data from C:\Users\Gabriel.Fazenda\Documents\CrowdCoding2\CrowdCoding\war\node_modules\grunt-contrib-uglify\package.json
49 verbose targetResolver reading package data from C:\Users\Gabriel.Fazenda\Documents\CrowdCoding2\CrowdCoding\war\node_modules\grunt-contrib-watch\package.json
50 verbose targetResolver reading package data from C:\Users\Gabriel.Fazenda\Documents\CrowdCoding2\CrowdCoding\war\node_modules\grunt-exec\package.json
51 verbose targetResolver reading package data from C:\Users\Gabriel.Fazenda\Documents\CrowdCoding2\CrowdCoding\war\node_modules\grunt-html2js\package.json
52 verbose targetResolver reading package data from C:\Users\Gabriel.Fazenda\Documents\CrowdCoding2\CrowdCoding\war\node_modules\grunt-jsdoc\package.json
53 verbose targetResolver reading package data from C:\Users\Gabriel.Fazenda\Documents\CrowdCoding2\CrowdCoding\war\node_modules\grunt-karma\package.json
54 verbose targetResolver reading package data from C:\Users\Gabriel.Fazenda\Documents\CrowdCoding2\CrowdCoding\war\node_modules\grunt-text-replace\package.json
55 verbose targetResolver reading package data from C:\Users\Gabriel.Fazenda\Documents\CrowdCoding2\CrowdCoding\war\node_modules\grunt-usemin\package.json
56 verbose targetResolver reading package data from C:\Users\Gabriel.Fazenda\Documents\CrowdCoding2\CrowdCoding\war\node_modules\karma\package.json
57 verbose targetResolver reading package data from C:\Users\Gabriel.Fazenda\Documents\CrowdCoding2\CrowdCoding\war\node_modules\karma-jasmine\package.json
58 verbose targetResolver reading package data from C:\Users\Gabriel.Fazenda\Documents\CrowdCoding2\CrowdCoding\war\node_modules\karma-phantomjs-launcher\package.json
59 verbose targetResolver reading package data from C:\Users\Gabriel.Fazenda\Documents\CrowdCoding2\CrowdCoding\war\node_modules\.bin\grunt-jsdoc\package.json
60 verbose targetResolver reading package data from C:\Users\Gabriel.Fazenda\Documents\CrowdCoding2\CrowdCoding\war\node_modules\.bin\grunt-jsdoc.cmd\package.json
61 verbose already installed skipping grunt-contrib-nodeunit@0.3.0 C:\Users\Gabriel.Fazenda\Documents\CrowdCoding2\CrowdCoding\war
62 verbose already installed skipping grunt-contrib-uglify@0.2.2 C:\Users\Gabriel.Fazenda\Documents\CrowdCoding2\CrowdCoding\war
63 verbose already installed skipping grunt-contrib-watch@0.5.3 C:\Users\Gabriel.Fazenda\Documents\CrowdCoding2\CrowdCoding\war
64 verbose already installed skipping grunt-exec@0.4.5 C:\Users\Gabriel.Fazenda\Documents\CrowdCoding2\CrowdCoding\war
65 verbose already installed skipping grunt-html2js@^0.3.0 C:\Users\Gabriel.Fazenda\Documents\CrowdCoding2\CrowdCoding\war
66 verbose already installed skipping grunt-jsdoc@0.5.4 C:\Users\Gabriel.Fazenda\Documents\CrowdCoding2\CrowdCoding\war
67 verbose already installed skipping grunt-karma@0.8.3 C:\Users\Gabriel.Fazenda\Documents\CrowdCoding2\CrowdCoding\war
68 verbose already installed skipping grunt-text-replace@^0.4.0 C:\Users\Gabriel.Fazenda\Documents\CrowdCoding2\CrowdCoding\war
69 verbose already installed skipping grunt-usemin@3.0.0 C:\Users\Gabriel.Fazenda\Documents\CrowdCoding2\CrowdCoding\war
70 verbose already installed skipping karma@0.12.16 C:\Users\Gabriel.Fazenda\Documents\CrowdCoding2\CrowdCoding\war
71 verbose already installed skipping karma-jasmine@0.1.5 C:\Users\Gabriel.Fazenda\Documents\CrowdCoding2\CrowdCoding\war
72 verbose already installed skipping karma-phantomjs-launcher@0.1.4 C:\Users\Gabriel.Fazenda\Documents\CrowdCoding2\CrowdCoding\war
73 verbose already installed skipping grunt@0.4.2 C:\Users\Gabriel.Fazenda\Documents\CrowdCoding2\CrowdCoding\war
74 verbose already installed skipping grunt-angular-templates@^0.5.7 C:\Users\Gabriel.Fazenda\Documents\CrowdCoding2\CrowdCoding\war
75 verbose already installed skipping grunt-contrib-concat@0.3.0 C:\Users\Gabriel.Fazenda\Documents\CrowdCoding2\CrowdCoding\war
76 verbose already installed skipping grunt-contrib-copy@0.5.0 C:\Users\Gabriel.Fazenda\Documents\CrowdCoding2\CrowdCoding\war
77 verbose already installed skipping grunt-contrib-jshint@0.8.0 C:\Users\Gabriel.Fazenda\Documents\CrowdCoding2\CrowdCoding\war
78 silly install resolved []
79 info build C:\Users\Gabriel.Fazenda\Documents\CrowdCoding2\CrowdCoding\war
80 info linkStuff CrowdCode@1.0.0
81 silly linkStuff CrowdCode@1.0.0 has C:\Users\Gabriel.Fazenda\Documents\CrowdCoding2\CrowdCoding as its parent node_modules
82 verbose linkBins CrowdCode@1.0.0
83 verbose linkMans CrowdCode@1.0.0
84 verbose rebuildBundles CrowdCode@1.0.0
85 verbose rebuildBundles [ '.bin',
85 verbose rebuildBundles   'grunt',
85 verbose rebuildBundles   'grunt-angular-templates',
85 verbose rebuildBundles   'grunt-contrib-concat',
85 verbose rebuildBundles   'grunt-contrib-copy',
85 verbose rebuildBundles   'grunt-contrib-jshint',
85 verbose rebuildBundles   'grunt-contrib-nodeunit',
85 verbose rebuildBundles   'grunt-contrib-uglify',
85 verbose rebuildBundles   'grunt-contrib-watch',
85 verbose rebuildBundles   'grunt-exec',
85 verbose rebuildBundles   'grunt-html2js',
85 verbose rebuildBundles   'grunt-jsdoc',
85 verbose rebuildBundles   'grunt-karma',
85 verbose rebuildBundles   'grunt-text-replace',
85 verbose rebuildBundles   'grunt-usemin',
85 verbose rebuildBundles   'karma',
85 verbose rebuildBundles   'karma-jasmine',
85 verbose rebuildBundles   'karma-phantomjs-launcher' ]
86 info install CrowdCode@1.0.0
87 info postinstall CrowdCode@1.0.0
88 verbose unsafe-perm in lifecycle true
89 info CrowdCode@1.0.0 Failed to exec postinstall script
90 verbose stack Error: CrowdCode@1.0.0 postinstall: `bower install`
90 verbose stack Exit status 1
90 verbose stack     at EventEmitter.<anonymous> (C:\Program Files\nodejs\node_modules\npm\lib\utils\lifecycle.js:213:16)
90 verbose stack     at EventEmitter.emit (events.js:110:17)
90 verbose stack     at ChildProcess.<anonymous> (C:\Program Files\nodejs\node_modules\npm\lib\utils\spawn.js:24:14)
90 verbose stack     at ChildProcess.emit (events.js:110:17)
90 verbose stack     at maybeClose (child_process.js:1015:16)
90 verbose stack     at Process.ChildProcess._handle.onexit (child_process.js:1087:5)
91 verbose pkgid CrowdCode@1.0.0
92 verbose cwd C:\Users\Gabriel.Fazenda\Documents\CrowdCoding2\CrowdCoding\war\client
93 error Windows_NT 6.3.9600
94 error argv "C:\\Program Files\\nodejs\\\\node.exe" "C:\\Program Files\\nodejs\\node_modules\\npm\\bin\\npm-cli.js" "install"
95 error node v0.12.4
96 error npm  v2.10.1
97 error code ELIFECYCLE
98 error CrowdCode@1.0.0 postinstall: `bower install`
98 error Exit status 1
99 error Failed at the CrowdCode@1.0.0 postinstall script 'bower install'.
99 error This is most likely a problem with the CrowdCode package,
99 error not with npm itself.
99 error Tell the author that this fails on your system:
99 error     bower install
99 error You can get their info via:
99 error     npm owner ls CrowdCode
99 error There is likely additional logging output above.
100 verbose exit [ 1, true ]
